2017-08-28 10:21:02,096 WARN  [SoapUI] Missing folder [C:\Users\AB52523\Desktop\Automation\TestAuthon\UpdatedScripts_28_1\HAMPS\ext] for external libraries
2017-08-28 10:21:02,441 INFO  [DefaultSoapUICore] initialized soapui-settings from [C:\Users\AB52523\soapui-settings.xml]
2017-08-28 10:21:06,367 INFO  [PluginManager] Adding plugin from [C:\Users\AB52523\.soapuios\plugins\ready-mqtt-plugin-dist.jar]
2017-08-28 10:21:06,367 INFO  [PluginManager] Adding plugin from [C:\Users\AB52523\.soapuios\plugins\soapui-swagger-plugin-2.2-dist.jar]
2017-08-28 10:21:07,603 ERROR [SoapUI] An error occurred [com.eviware.soapui.plugins.auto.factories.AutoImportMethodFactory], see error log for details
2017-08-28 10:21:07,605 ERROR [errorlog] java.lang.ClassNotFoundException: com.eviware.soapui.plugins.auto.factories.AutoImportMethodFactory
java.lang.ClassNotFoundException: com.eviware.soapui.plugins.auto.factories.AutoImportMethodFactory
	at java.net.URLClassLoader$1.run(URLClassLoader.java:372)
	at java.net.URLClassLoader$1.run(URLClassLoader.java:361)
	at java.security.AccessController.doPrivileged(Native Method)
	at java.net.URLClassLoader.findClass(URLClassLoader.java:360)
	at java.lang.ClassLoader.loadClass(ClassLoader.java:424)
	at sun.misc.Launcher$AppClassLoader.loadClass(Launcher.java:308)
	at java.lang.ClassLoader.loadClass(ClassLoader.java:357)
	at java.lang.Class.forName0(Native Method)
	at java.lang.Class.forName(Class.java:259)
	at com.eviware.soapui.plugins.LoaderBase.loadAutoFactories(LoaderBase.java:112)
	at com.eviware.soapui.plugins.LoaderBase.loadFactories(LoaderBase.java:80)
	at com.eviware.soapui.plugins.PluginLoader.loadPluginFactories(PluginLoader.java:141)
	at com.eviware.soapui.plugins.PluginLoader.loadPlugin(PluginLoader.java:104)
	at com.eviware.soapui.plugins.PluginLoader.loadPlugin(PluginLoader.java:54)
	at com.eviware.soapui.plugins.PluginManager.doInstallPlugin(PluginManager.java:141)
	at com.eviware.soapui.plugins.PluginManager.access$600(PluginManager.java:43)
	at com.eviware.soapui.plugins.PluginManager$LoadPluginsTask.computeSequentially(PluginManager.java:420)
	at com.eviware.soapui.plugins.PluginManager$LoadPluginsTask.compute(PluginManager.java:377)
	at com.eviware.soapui.plugins.PluginManager$LoadPluginsTask.compute(PluginManager.java:382)
	at com.eviware.soapui.plugins.PluginManager$LoadPluginsTask.compute(PluginManager.java:365)
	at java.util.concurrent.RecursiveTask.exec(RecursiveTask.java:94)
	at java.util.concurrent.ForkJoinTask.doExec(ForkJoinTask.java:289)
	at java.util.concurrent.ForkJoinPool$WorkQueue.runTask(ForkJoinPool.java:902)
	at java.util.concurrent.ForkJoinPool.scan(ForkJoinPool.java:1689)
	at java.util.concurrent.ForkJoinPool.runWorker(ForkJoinPool.java:1644)
	at java.util.concurrent.ForkJoinWorkerThread.run(ForkJoinWorkerThread.java:157)
2017-08-28 10:21:07,610 ERROR [SoapUI] An error occurred [com.eviware.soapui.plugins.auto.factories.AutoDiscoveryMethodFactory], see error log for details
2017-08-28 10:21:07,610 ERROR [errorlog] java.lang.ClassNotFoundException: com.eviware.soapui.plugins.auto.factories.AutoDiscoveryMethodFactory
java.lang.ClassNotFoundException: com.eviware.soapui.plugins.auto.factories.AutoDiscoveryMethodFactory
	at java.net.URLClassLoader$1.run(URLClassLoader.java:372)
	at java.net.URLClassLoader$1.run(URLClassLoader.java:361)
	at java.security.AccessController.doPrivileged(Native Method)
	at java.net.URLClassLoader.findClass(URLClassLoader.java:360)
	at java.lang.ClassLoader.loadClass(ClassLoader.java:424)
	at sun.misc.Launcher$AppClassLoader.loadClass(Launcher.java:308)
	at java.lang.ClassLoader.loadClass(ClassLoader.java:357)
	at java.lang.Class.forName0(Native Method)
	at java.lang.Class.forName(Class.java:259)
	at com.eviware.soapui.plugins.LoaderBase.loadAutoFactories(LoaderBase.java:112)
	at com.eviware.soapui.plugins.LoaderBase.loadFactories(LoaderBase.java:80)
	at com.eviware.soapui.plugins.PluginLoader.loadPluginFactories(PluginLoader.java:141)
	at com.eviware.soapui.plugins.PluginLoader.loadPlugin(PluginLoader.java:104)
	at com.eviware.soapui.plugins.PluginLoader.loadPlugin(PluginLoader.java:54)
	at com.eviware.soapui.plugins.PluginManager.doInstallPlugin(PluginManager.java:141)
	at com.eviware.soapui.plugins.PluginManager.access$600(PluginManager.java:43)
	at com.eviware.soapui.plugins.PluginManager$LoadPluginsTask.computeSequentially(PluginManager.java:420)
	at com.eviware.soapui.plugins.PluginManager$LoadPluginsTask.compute(PluginManager.java:377)
	at com.eviware.soapui.plugins.PluginManager$LoadPluginsTask.compute(PluginManager.java:382)
	at com.eviware.soapui.plugins.PluginManager$LoadPluginsTask.compute(PluginManager.java:365)
	at java.util.concurrent.RecursiveTask.exec(RecursiveTask.java:94)
	at java.util.concurrent.ForkJoinTask.doExec(ForkJoinTask.java:289)
	at java.util.concurrent.ForkJoinPool$WorkQueue.runTask(ForkJoinPool.java:902)
	at java.util.concurrent.ForkJoinPool.scan(ForkJoinPool.java:1689)
	at java.util.concurrent.ForkJoinPool.runWorker(ForkJoinPool.java:1644)
	at java.util.concurrent.ForkJoinWorkerThread.run(ForkJoinWorkerThread.java:157)
2017-08-28 10:21:07,643 INFO  [PluginManager] Adding plugin from [C:\Users\AB52523\.soapuios\plugins\ready-uxm-plugin-1.0.1-dist.jar]
2017-08-28 10:21:08,004 ERROR [SoapUI] An error occurred [com.eviware.soapui.plugins.auto.factories.AutoImportMethodFactory], see error log for details
2017-08-28 10:21:08,005 ERROR [errorlog] java.lang.ClassNotFoundException: com.eviware.soapui.plugins.auto.factories.AutoImportMethodFactory
java.lang.ClassNotFoundException: com.eviware.soapui.plugins.auto.factories.AutoImportMethodFactory
	at java.net.URLClassLoader$1.run(URLClassLoader.java:372)
	at java.net.URLClassLoader$1.run(URLClassLoader.java:361)
	at java.security.AccessController.doPrivileged(Native Method)
	at java.net.URLClassLoader.findClass(URLClassLoader.java:360)
	at java.lang.ClassLoader.loadClass(ClassLoader.java:424)
	at sun.misc.Launcher$AppClassLoader.loadClass(Launcher.java:308)
	at java.lang.ClassLoader.loadClass(ClassLoader.java:357)
	at java.lang.Class.forName0(Native Method)
	at java.lang.Class.forName(Class.java:259)
	at com.eviware.soapui.plugins.LoaderBase.loadAutoFactories(LoaderBase.java:112)
	at com.eviware.soapui.plugins.LoaderBase.loadFactories(LoaderBase.java:80)
	at com.eviware.soapui.plugins.PluginLoader.loadPluginFactories(PluginLoader.java:141)
	at com.eviware.soapui.plugins.PluginLoader.loadPlugin(PluginLoader.java:104)
	at com.eviware.soapui.plugins.PluginLoader.loadPlugin(PluginLoader.java:54)
	at com.eviware.soapui.plugins.PluginManager.doInstallPlugin(PluginManager.java:141)
	at com.eviware.soapui.plugins.PluginManager.access$600(PluginManager.java:43)
	at com.eviware.soapui.plugins.PluginManager$LoadPluginsTask.computeSequentially(PluginManager.java:420)
	at com.eviware.soapui.plugins.PluginManager$LoadPluginsTask.compute(PluginManager.java:377)
	at com.eviware.soapui.plugins.PluginManager$LoadPluginsTask.compute(PluginManager.java:365)
	at java.util.concurrent.RecursiveTask.exec(RecursiveTask.java:94)
	at java.util.concurrent.ForkJoinTask.doExec(ForkJoinTask.java:289)
	at java.util.concurrent.ForkJoinPool$WorkQueue.runTask(ForkJoinPool.java:902)
	at java.util.concurrent.ForkJoinPool.scan(ForkJoinPool.java:1689)
	at java.util.concurrent.ForkJoinPool.runWorker(ForkJoinPool.java:1644)
	at java.util.concurrent.ForkJoinWorkerThread.run(ForkJoinWorkerThread.java:157)
2017-08-28 10:21:08,010 ERROR [SoapUI] An error occurred [com.eviware.soapui.plugins.auto.factories.AutoDiscoveryMethodFactory], see error log for details
2017-08-28 10:21:08,010 ERROR [errorlog] java.lang.ClassNotFoundException: com.eviware.soapui.plugins.auto.factories.AutoDiscoveryMethodFactory
java.lang.ClassNotFoundException: com.eviware.soapui.plugins.auto.factories.AutoDiscoveryMethodFactory
	at java.net.URLClassLoader$1.run(URLClassLoader.java:372)
	at java.net.URLClassLoader$1.run(URLClassLoader.java:361)
	at java.security.AccessController.doPrivileged(Native Method)
	at java.net.URLClassLoader.findClass(URLClassLoader.java:360)
	at java.lang.ClassLoader.loadClass(ClassLoader.java:424)
	at sun.misc.Launcher$AppClassLoader.loadClass(Launcher.java:308)
	at java.lang.ClassLoader.loadClass(ClassLoader.java:357)
	at java.lang.Class.forName0(Native Method)
	at java.lang.Class.forName(Class.java:259)
	at com.eviware.soapui.plugins.LoaderBase.loadAutoFactories(LoaderBase.java:112)
	at com.eviware.soapui.plugins.LoaderBase.loadFactories(LoaderBase.java:80)
	at com.eviware.soapui.plugins.PluginLoader.loadPluginFactories(PluginLoader.java:141)
	at com.eviware.soapui.plugins.PluginLoader.loadPlugin(PluginLoader.java:104)
	at com.eviware.soapui.plugins.PluginLoader.loadPlugin(PluginLoader.java:54)
	at com.eviware.soapui.plugins.PluginManager.doInstallPlugin(PluginManager.java:141)
	at com.eviware.soapui.plugins.PluginManager.access$600(PluginManager.java:43)
	at com.eviware.soapui.plugins.PluginManager$LoadPluginsTask.computeSequentially(PluginManager.java:420)
	at com.eviware.soapui.plugins.PluginManager$LoadPluginsTask.compute(PluginManager.java:377)
	at com.eviware.soapui.plugins.PluginManager$LoadPluginsTask.compute(PluginManager.java:365)
	at java.util.concurrent.RecursiveTask.exec(RecursiveTask.java:94)
	at java.util.concurrent.ForkJoinTask.doExec(ForkJoinTask.java:289)
	at java.util.concurrent.ForkJoinPool$WorkQueue.runTask(ForkJoinPool.java:902)
	at java.util.concurrent.ForkJoinPool.scan(ForkJoinPool.java:1689)
	at java.util.concurrent.ForkJoinPool.runWorker(ForkJoinPool.java:1644)
	at java.util.concurrent.ForkJoinWorkerThread.run(ForkJoinWorkerThread.java:157)
2017-08-28 10:21:08,051 INFO  [PluginManager] Adding plugin from [C:\Users\AB52523\.soapuios\plugins\readyapi-postman-1.0.1.jar]
2017-08-28 10:21:08,815 ERROR [SoapUI] An error occurred [com.eviware.soapui.plugins.auto.factories.AutoImportMethodFactory], see error log for details
2017-08-28 10:21:08,815 ERROR [errorlog] java.lang.ClassNotFoundException: com.eviware.soapui.plugins.auto.factories.AutoImportMethodFactory
java.lang.ClassNotFoundException: com.eviware.soapui.plugins.auto.factories.AutoImportMethodFactory
	at java.net.URLClassLoader$1.run(URLClassLoader.java:372)
	at java.net.URLClassLoader$1.run(URLClassLoader.java:361)
	at java.security.AccessController.doPrivileged(Native Method)
	at java.net.URLClassLoader.findClass(URLClassLoader.java:360)
	at java.lang.ClassLoader.loadClass(ClassLoader.java:424)
	at sun.misc.Launcher$AppClassLoader.loadClass(Launcher.java:308)
	at java.lang.ClassLoader.loadClass(ClassLoader.java:357)
	at java.lang.Class.forName0(Native Method)
	at java.lang.Class.forName(Class.java:259)
	at com.eviware.soapui.plugins.LoaderBase.loadAutoFactories(LoaderBase.java:112)
	at com.eviware.soapui.plugins.LoaderBase.loadFactories(LoaderBase.java:80)
	at com.eviware.soapui.plugins.PluginLoader.loadPluginFactories(PluginLoader.java:141)
	at com.eviware.soapui.plugins.PluginLoader.loadPlugin(PluginLoader.java:104)
	at com.eviware.soapui.plugins.PluginLoader.loadPlugin(PluginLoader.java:54)
	at com.eviware.soapui.plugins.PluginManager.doInstallPlugin(PluginManager.java:141)
	at com.eviware.soapui.plugins.PluginManager.access$600(PluginManager.java:43)
	at com.eviware.soapui.plugins.PluginManager$LoadPluginsTask.computeSequentially(PluginManager.java:420)
	at com.eviware.soapui.plugins.PluginManager$LoadPluginsTask.compute(PluginManager.java:377)
	at com.eviware.soapui.plugins.PluginManager$LoadPluginsTask.compute(PluginManager.java:382)
	at com.eviware.soapui.plugins.PluginManager$LoadPluginsTask.compute(PluginManager.java:365)
	at java.util.concurrent.RecursiveTask.exec(RecursiveTask.java:94)
	at java.util.concurrent.ForkJoinTask.doExec(ForkJoinTask.java:289)
	at java.util.concurrent.ForkJoinPool$WorkQueue.runTask(ForkJoinPool.java:902)
	at java.util.concurrent.ForkJoinPool.scan(ForkJoinPool.java:1689)
	at java.util.concurrent.ForkJoinPool.runWorker(ForkJoinPool.java:1644)
	at java.util.concurrent.ForkJoinWorkerThread.run(ForkJoinWorkerThread.java:157)
2017-08-28 10:21:08,817 ERROR [SoapUI] An error occurred [com.eviware.soapui.plugins.auto.factories.AutoDiscoveryMethodFactory], see error log for details
2017-08-28 10:21:08,817 ERROR [errorlog] java.lang.ClassNotFoundException: com.eviware.soapui.plugins.auto.factories.AutoDiscoveryMethodFactory
java.lang.ClassNotFoundException: com.eviware.soapui.plugins.auto.factories.AutoDiscoveryMethodFactory
	at java.net.URLClassLoader$1.run(URLClassLoader.java:372)
	at java.net.URLClassLoader$1.run(URLClassLoader.java:361)
	at java.security.AccessController.doPrivileged(Native Method)
	at java.net.URLClassLoader.findClass(URLClassLoader.java:360)
	at java.lang.ClassLoader.loadClass(ClassLoader.java:424)
	at sun.misc.Launcher$AppClassLoader.loadClass(Launcher.java:308)
	at java.lang.ClassLoader.loadClass(ClassLoader.java:357)
	at java.lang.Class.forName0(Native Method)
	at java.lang.Class.forName(Class.java:259)
	at com.eviware.soapui.plugins.LoaderBase.loadAutoFactories(LoaderBase.java:112)
	at com.eviware.soapui.plugins.LoaderBase.loadFactories(LoaderBase.java:80)
	at com.eviware.soapui.plugins.PluginLoader.loadPluginFactories(PluginLoader.java:141)
	at com.eviware.soapui.plugins.PluginLoader.loadPlugin(PluginLoader.java:104)
	at com.eviware.soapui.plugins.PluginLoader.loadPlugin(PluginLoader.java:54)
	at com.eviware.soapui.plugins.PluginManager.doInstallPlugin(PluginManager.java:141)
	at com.eviware.soapui.plugins.PluginManager.access$600(PluginManager.java:43)
	at com.eviware.soapui.plugins.PluginManager$LoadPluginsTask.computeSequentially(PluginManager.java:420)
	at com.eviware.soapui.plugins.PluginManager$LoadPluginsTask.compute(PluginManager.java:377)
	at com.eviware.soapui.plugins.PluginManager$LoadPluginsTask.compute(PluginManager.java:382)
	at com.eviware.soapui.plugins.PluginManager$LoadPluginsTask.compute(PluginManager.java:365)
	at java.util.concurrent.RecursiveTask.exec(RecursiveTask.java:94)
	at java.util.concurrent.ForkJoinTask.doExec(ForkJoinTask.java:289)
	at java.util.concurrent.ForkJoinPool$WorkQueue.runTask(ForkJoinPool.java:902)
	at java.util.concurrent.ForkJoinPool.scan(ForkJoinPool.java:1689)
	at java.util.concurrent.ForkJoinPool.runWorker(ForkJoinPool.java:1644)
	at java.util.concurrent.ForkJoinWorkerThread.run(ForkJoinWorkerThread.java:157)
2017-08-28 10:21:08,833 INFO  [PluginManager] Adding plugin from [C:\Users\AB52523\.soapuios\plugins\readyapi-swaggerhub-plugin-1.0.jar]
2017-08-28 10:21:08,861 ERROR [SoapUI] An error occurred [com.eviware.soapui.plugins.auto.factories.AutoImportMethodFactory], see error log for details
2017-08-28 10:21:08,862 ERROR [errorlog] java.lang.ClassNotFoundException: com.eviware.soapui.plugins.auto.factories.AutoImportMethodFactory
java.lang.ClassNotFoundException: com.eviware.soapui.plugins.auto.factories.AutoImportMethodFactory
	at java.net.URLClassLoader$1.run(URLClassLoader.java:372)
	at java.net.URLClassLoader$1.run(URLClassLoader.java:361)
	at java.security.AccessController.doPrivileged(Native Method)
	at java.net.URLClassLoader.findClass(URLClassLoader.java:360)
	at java.lang.ClassLoader.loadClass(ClassLoader.java:424)
	at sun.misc.Launcher$AppClassLoader.loadClass(Launcher.java:308)
	at java.lang.ClassLoader.loadClass(ClassLoader.java:357)
	at java.lang.Class.forName0(Native Method)
	at java.lang.Class.forName(Class.java:259)
	at com.eviware.soapui.plugins.LoaderBase.loadAutoFactories(LoaderBase.java:112)
	at com.eviware.soapui.plugins.LoaderBase.loadFactories(LoaderBase.java:80)
	at com.eviware.soapui.plugins.PluginLoader.loadPluginFactories(PluginLoader.java:141)
	at com.eviware.soapui.plugins.PluginLoader.loadPlugin(PluginLoader.java:104)
	at com.eviware.soapui.plugins.PluginLoader.loadPlugin(PluginLoader.java:54)
	at com.eviware.soapui.plugins.PluginManager.doInstallPlugin(PluginManager.java:141)
	at com.eviware.soapui.plugins.PluginManager.access$600(PluginManager.java:43)
	at com.eviware.soapui.plugins.PluginManager$LoadPluginsTask.computeSequentially(PluginManager.java:420)
	at com.eviware.soapui.plugins.PluginManager$LoadPluginsTask.compute(PluginManager.java:377)
	at com.eviware.soapui.plugins.PluginManager$LoadPluginsTask.compute(PluginManager.java:365)
	at java.util.concurrent.RecursiveTask.exec(RecursiveTask.java:94)
	at java.util.concurrent.ForkJoinTask.doExec(ForkJoinTask.java:289)
	at java.util.concurrent.ForkJoinPool$WorkQueue.runTask(ForkJoinPool.java:902)
	at java.util.concurrent.ForkJoinPool.scan(ForkJoinPool.java:1689)
	at java.util.concurrent.ForkJoinPool.runWorker(ForkJoinPool.java:1644)
	at java.util.concurrent.ForkJoinWorkerThread.run(ForkJoinWorkerThread.java:157)
2017-08-28 10:21:08,863 ERROR [SoapUI] An error occurred [com.eviware.soapui.plugins.auto.factories.AutoDiscoveryMethodFactory], see error log for details
2017-08-28 10:21:08,864 ERROR [errorlog] java.lang.ClassNotFoundException: com.eviware.soapui.plugins.auto.factories.AutoDiscoveryMethodFactory
java.lang.ClassNotFoundException: com.eviware.soapui.plugins.auto.factories.AutoDiscoveryMethodFactory
	at java.net.URLClassLoader$1.run(URLClassLoader.java:372)
	at java.net.URLClassLoader$1.run(URLClassLoader.java:361)
	at java.security.AccessController.doPrivileged(Native Method)
	at java.net.URLClassLoader.findClass(URLClassLoader.java:360)
	at java.lang.ClassLoader.loadClass(ClassLoader.java:424)
	at sun.misc.Launcher$AppClassLoader.loadClass(Launcher.java:308)
	at java.lang.ClassLoader.loadClass(ClassLoader.java:357)
	at java.lang.Class.forName0(Native Method)
	at java.lang.Class.forName(Class.java:259)
	at com.eviware.soapui.plugins.LoaderBase.loadAutoFactories(LoaderBase.java:112)
	at com.eviware.soapui.plugins.LoaderBase.loadFactories(LoaderBase.java:80)
	at com.eviware.soapui.plugins.PluginLoader.loadPluginFactories(PluginLoader.java:141)
	at com.eviware.soapui.plugins.PluginLoader.loadPlugin(PluginLoader.java:104)
	at com.eviware.soapui.plugins.PluginLoader.loadPlugin(PluginLoader.java:54)
	at com.eviware.soapui.plugins.PluginManager.doInstallPlugin(PluginManager.java:141)
	at com.eviware.soapui.plugins.PluginManager.access$600(PluginManager.java:43)
	at com.eviware.soapui.plugins.PluginManager$LoadPluginsTask.computeSequentially(PluginManager.java:420)
	at com.eviware.soapui.plugins.PluginManager$LoadPluginsTask.compute(PluginManager.java:377)
	at com.eviware.soapui.plugins.PluginManager$LoadPluginsTask.compute(PluginManager.java:365)
	at java.util.concurrent.RecursiveTask.exec(RecursiveTask.java:94)
	at java.util.concurrent.ForkJoinTask.doExec(ForkJoinTask.java:289)
	at java.util.concurrent.ForkJoinPool$WorkQueue.runTask(ForkJoinPool.java:902)
	at java.util.concurrent.ForkJoinPool.scan(ForkJoinPool.java:1689)
	at java.util.concurrent.ForkJoinPool.runWorker(ForkJoinPool.java:1644)
	at java.util.concurrent.ForkJoinWorkerThread.run(ForkJoinWorkerThread.java:157)
2017-08-28 10:21:09,508 ERROR [SoapUI] An error occurred [com.eviware.soapui.plugins.auto.factories.AutoImportMethodFactory], see error log for details
2017-08-28 10:21:09,508 ERROR [errorlog] java.lang.ClassNotFoundException: com.eviware.soapui.plugins.auto.factories.AutoImportMethodFactory
java.lang.ClassNotFoundException: com.eviware.soapui.plugins.auto.factories.AutoImportMethodFactory
	at java.net.URLClassLoader$1.run(URLClassLoader.java:372)
	at java.net.URLClassLoader$1.run(URLClassLoader.java:361)
	at java.security.AccessController.doPrivileged(Native Method)
	at java.net.URLClassLoader.findClass(URLClassLoader.java:360)
	at java.lang.ClassLoader.loadClass(ClassLoader.java:424)
	at sun.misc.Launcher$AppClassLoader.loadClass(Launcher.java:308)
	at java.lang.ClassLoader.loadClass(ClassLoader.java:357)
	at java.lang.Class.forName0(Native Method)
	at java.lang.Class.forName(Class.java:259)
	at com.eviware.soapui.plugins.LoaderBase.loadAutoFactories(LoaderBase.java:112)
	at com.eviware.soapui.plugins.LoaderBase.loadFactories(LoaderBase.java:80)
	at com.eviware.soapui.plugins.PluginLoader.loadPluginFactories(PluginLoader.java:141)
	at com.eviware.soapui.plugins.PluginLoader.loadPlugin(PluginLoader.java:104)
	at com.eviware.soapui.plugins.PluginLoader.loadPlugin(PluginLoader.java:54)
	at com.eviware.soapui.plugins.PluginManager.doInstallPlugin(PluginManager.java:141)
	at com.eviware.soapui.plugins.PluginManager.access$600(PluginManager.java:43)
	at com.eviware.soapui.plugins.PluginManager$LoadPluginsTask.computeSequentially(PluginManager.java:420)
	at com.eviware.soapui.plugins.PluginManager$LoadPluginsTask.compute(PluginManager.java:377)
	at com.eviware.soapui.plugins.PluginManager$LoadPluginsTask.compute(PluginManager.java:382)
	at com.eviware.soapui.plugins.PluginManager$LoadPluginsTask.compute(PluginManager.java:365)
	at java.util.concurrent.RecursiveTask.exec(RecursiveTask.java:94)
	at java.util.concurrent.ForkJoinTask.doExec(ForkJoinTask.java:289)
	at java.util.concurrent.ForkJoinPool$WorkQueue.runTask(ForkJoinPool.java:902)
	at java.util.concurrent.ForkJoinPool.scan(ForkJoinPool.java:1689)
	at java.util.concurrent.ForkJoinPool.runWorker(ForkJoinPool.java:1644)
	at java.util.concurrent.ForkJoinWorkerThread.run(ForkJoinWorkerThread.java:157)
2017-08-28 10:21:09,510 ERROR [SoapUI] An error occurred [com.eviware.soapui.plugins.auto.factories.AutoDiscoveryMethodFactory], see error log for details
2017-08-28 10:21:09,510 ERROR [errorlog] java.lang.ClassNotFoundException: com.eviware.soapui.plugins.auto.factories.AutoDiscoveryMethodFactory
java.lang.ClassNotFoundException: com.eviware.soapui.plugins.auto.factories.AutoDiscoveryMethodFactory
	at java.net.URLClassLoader$1.run(URLClassLoader.java:372)
	at java.net.URLClassLoader$1.run(URLClassLoader.java:361)
	at java.security.AccessController.doPrivileged(Native Method)
	at java.net.URLClassLoader.findClass(URLClassLoader.java:360)
	at java.lang.ClassLoader.loadClass(ClassLoader.java:424)
	at sun.misc.Launcher$AppClassLoader.loadClass(Launcher.java:308)
	at java.lang.ClassLoader.loadClass(ClassLoader.java:357)
	at java.lang.Class.forName0(Native Method)
	at java.lang.Class.forName(Class.java:259)
	at com.eviware.soapui.plugins.LoaderBase.loadAutoFactories(LoaderBase.java:112)
	at com.eviware.soapui.plugins.LoaderBase.loadFactories(LoaderBase.java:80)
	at com.eviware.soapui.plugins.PluginLoader.loadPluginFactories(PluginLoader.java:141)
	at com.eviware.soapui.plugins.PluginLoader.loadPlugin(PluginLoader.java:104)
	at com.eviware.soapui.plugins.PluginLoader.loadPlugin(PluginLoader.java:54)
	at com.eviware.soapui.plugins.PluginManager.doInstallPlugin(PluginManager.java:141)
	at com.eviware.soapui.plugins.PluginManager.access$600(PluginManager.java:43)
	at com.eviware.soapui.plugins.PluginManager$LoadPluginsTask.computeSequentially(PluginManager.java:420)
	at com.eviware.soapui.plugins.PluginManager$LoadPluginsTask.compute(PluginManager.java:377)
	at com.eviware.soapui.plugins.PluginManager$LoadPluginsTask.compute(PluginManager.java:382)
	at com.eviware.soapui.plugins.PluginManager$LoadPluginsTask.compute(PluginManager.java:365)
	at java.util.concurrent.RecursiveTask.exec(RecursiveTask.java:94)
	at java.util.concurrent.ForkJoinTask.doExec(ForkJoinTask.java:289)
	at java.util.concurrent.ForkJoinPool$WorkQueue.runTask(ForkJoinPool.java:902)
	at java.util.concurrent.ForkJoinPool.scan(ForkJoinPool.java:1689)
	at java.util.concurrent.ForkJoinPool.runWorker(ForkJoinPool.java:1644)
	at java.util.concurrent.ForkJoinWorkerThread.run(ForkJoinWorkerThread.java:157)
2017-08-28 10:21:09,516 INFO  [PluginManager] 5 plugins loaded in 3401 ms
2017-08-28 10:21:09,517 INFO  [DefaultSoapUICore] All plugins loaded
2017-08-28 10:21:10,417 INFO  [SchemaUtils] Added default schema from file:/C:/Users/AB52523/Desktop/Automation/TestAuthon/UpdatedScripts_28_1/HAMPS/Resources/JarFiles/soapui-5.3.0.jar!/com/eviware/soapui/resources/xsds/xop.xsd with targetNamespace http://www.w3.org/2004/08/xop/include
2017-08-28 10:21:10,479 INFO  [SchemaUtils] Added default schema from file:/C:/Users/AB52523/Desktop/Automation/TestAuthon/UpdatedScripts_28_1/HAMPS/Resources/JarFiles/soapui-5.3.0.jar!/com/eviware/soapui/resources/xsds/XMLSchema.xsd with targetNamespace http://www.w3.org/2001/XMLSchema
2017-08-28 10:21:10,481 INFO  [SchemaUtils] Added default schema from file:/C:/Users/AB52523/Desktop/Automation/TestAuthon/UpdatedScripts_28_1/HAMPS/Resources/JarFiles/soapui-5.3.0.jar!/com/eviware/soapui/resources/xsds/xml.xsd with targetNamespace http://www.w3.org/XML/1998/namespace
2017-08-28 10:21:10,484 INFO  [SchemaUtils] Added default schema from file:/C:/Users/AB52523/Desktop/Automation/TestAuthon/UpdatedScripts_28_1/HAMPS/Resources/JarFiles/soapui-5.3.0.jar!/com/eviware/soapui/resources/xsds/swaref.xsd with targetNamespace http://ws-i.org/profiles/basic/1.1/xsd
2017-08-28 10:21:10,486 INFO  [SchemaUtils] Added default schema from file:/C:/Users/AB52523/Desktop/Automation/TestAuthon/UpdatedScripts_28_1/HAMPS/Resources/JarFiles/soapui-5.3.0.jar!/com/eviware/soapui/resources/xsds/xmime200505.xsd with targetNamespace http://www.w3.org/2005/05/xmlmime
2017-08-28 10:21:10,488 INFO  [SchemaUtils] Added default schema from file:/C:/Users/AB52523/Desktop/Automation/TestAuthon/UpdatedScripts_28_1/HAMPS/Resources/JarFiles/soapui-5.3.0.jar!/com/eviware/soapui/resources/xsds/xmime200411.xsd with targetNamespace http://www.w3.org/2004/11/xmlmime
2017-08-28 10:21:10,490 INFO  [SchemaUtils] Added default schema from file:/C:/Users/AB52523/Desktop/Automation/TestAuthon/UpdatedScripts_28_1/HAMPS/Resources/JarFiles/soapui-5.3.0.jar!/com/eviware/soapui/resources/xsds/soapEnvelope.xsd with targetNamespace http://schemas.xmlsoap.org/soap/envelope/
2017-08-28 10:21:10,496 INFO  [SchemaUtils] Added default schema from file:/C:/Users/AB52523/Desktop/Automation/TestAuthon/UpdatedScripts_28_1/HAMPS/Resources/JarFiles/soapui-5.3.0.jar!/com/eviware/soapui/resources/xsds/soapEncoding.xsd with targetNamespace http://schemas.xmlsoap.org/soap/encoding/
2017-08-28 10:21:10,500 INFO  [SchemaUtils] Added default schema from file:/C:/Users/AB52523/Desktop/Automation/TestAuthon/UpdatedScripts_28_1/HAMPS/Resources/JarFiles/soapui-5.3.0.jar!/com/eviware/soapui/resources/xsds/soapEnvelope12.xsd with targetNamespace http://www.w3.org/2003/05/soap-envelope
2017-08-28 10:21:10,504 INFO  [SchemaUtils] Added default schema from file:/C:/Users/AB52523/Desktop/Automation/TestAuthon/UpdatedScripts_28_1/HAMPS/Resources/JarFiles/soapui-5.3.0.jar!/com/eviware/soapui/resources/xsds/soapEncoding12.xsd with targetNamespace http://www.w3.org/2003/05/soap-encoding
2017-08-28 10:21:12,387 INFO  [SchemaUtils] Loading schema types from [http://webservices.daehosting.com/services/TemperatureConversions.wso?WSDL]
2017-08-28 10:21:12,387 INFO  [SchemaUtils] Getting schema http://webservices.daehosting.com/services/TemperatureConversions.wso?WSDL
2017-08-28 10:21:13,091 WARN  [SchemaUtils] Error: jar:file:/C:/Users/AB52523/Desktop/Automation/TestAuthon/UpdatedScripts_28_1/HAMPS/Resources/JarFiles/soapui-5.3.0.jar!/com/eviware/soapui/resources/xsds/soapEncoding12.xsd:0: warning: id-idref-idrefs-entity-entities-notation: For compatibility, type 'ID' should only be used for attributes (used for element 'ID@http://www.w3.org/2003/05/soap-encoding').
2017-08-28 10:21:13,091 WARN  [SchemaUtils] Error: jar:file:/C:/Users/AB52523/Desktop/Automation/TestAuthon/UpdatedScripts_28_1/HAMPS/Resources/JarFiles/soapui-5.3.0.jar!/com/eviware/soapui/resources/xsds/soapEncoding12.xsd:0: warning: id-idref-idrefs-entity-entities-notation: For compatibility, type 'IDREF' should only be used for attributes (used for element 'IDREF@http://www.w3.org/2003/05/soap-encoding').
2017-08-28 10:21:13,091 WARN  [SchemaUtils] Error: jar:file:/C:/Users/AB52523/Desktop/Automation/TestAuthon/UpdatedScripts_28_1/HAMPS/Resources/JarFiles/soapui-5.3.0.jar!/com/eviware/soapui/resources/xsds/soapEncoding12.xsd:0: warning: id-idref-idrefs-entity-entities-notation: For compatibility, type 'ENTITY' should only be used for attributes (used for element 'ENTITY@http://www.w3.org/2003/05/soap-encoding').
2017-08-28 10:21:13,092 WARN  [SchemaUtils] Error: jar:file:/C:/Users/AB52523/Desktop/Automation/TestAuthon/UpdatedScripts_28_1/HAMPS/Resources/JarFiles/soapui-5.3.0.jar!/com/eviware/soapui/resources/xsds/soapEncoding12.xsd:0: warning: id-idref-idrefs-entity-entities-notation: For compatibility, type 'IDREFS' should only be used for attributes (used for element 'IDREFS@http://www.w3.org/2003/05/soap-encoding').
2017-08-28 10:21:13,092 WARN  [SchemaUtils] Error: jar:file:/C:/Users/AB52523/Desktop/Automation/TestAuthon/UpdatedScripts_28_1/HAMPS/Resources/JarFiles/soapui-5.3.0.jar!/com/eviware/soapui/resources/xsds/soapEncoding12.xsd:0: warning: id-idref-idrefs-entity-entities-notation: For compatibility, type 'ENTITIES' should only be used for attributes (used for element 'ENTITIES@http://www.w3.org/2003/05/soap-encoding').
2017-08-28 10:21:13,092 WARN  [SchemaUtils] Error: jar:file:/C:/Users/AB52523/Desktop/Automation/TestAuthon/UpdatedScripts_28_1/HAMPS/Resources/JarFiles/soapui-5.3.0.jar!/com/eviware/soapui/resources/xsds/soapEncoding.xsd:0: warning: id-idref-idrefs-entity-entities-notation: For compatibility, type 'ID' should only be used for attributes (used for element 'ID@http://schemas.xmlsoap.org/soap/encoding/').
2017-08-28 10:21:13,092 WARN  [SchemaUtils] Error: jar:file:/C:/Users/AB52523/Desktop/Automation/TestAuthon/UpdatedScripts_28_1/HAMPS/Resources/JarFiles/soapui-5.3.0.jar!/com/eviware/soapui/resources/xsds/soapEncoding.xsd:0: warning: id-idref-idrefs-entity-entities-notation: For compatibility, type 'IDREF' should only be used for attributes (used for element 'IDREF@http://schemas.xmlsoap.org/soap/encoding/').
2017-08-28 10:21:13,092 WARN  [SchemaUtils] Error: jar:file:/C:/Users/AB52523/Desktop/Automation/TestAuthon/UpdatedScripts_28_1/HAMPS/Resources/JarFiles/soapui-5.3.0.jar!/com/eviware/soapui/resources/xsds/soapEncoding.xsd:0: warning: id-idref-idrefs-entity-entities-notation: For compatibility, type 'ENTITY' should only be used for attributes (used for element 'ENTITY@http://schemas.xmlsoap.org/soap/encoding/').
2017-08-28 10:21:13,092 WARN  [SchemaUtils] Error: jar:file:/C:/Users/AB52523/Desktop/Automation/TestAuthon/UpdatedScripts_28_1/HAMPS/Resources/JarFiles/soapui-5.3.0.jar!/com/eviware/soapui/resources/xsds/soapEncoding.xsd:0: warning: id-idref-idrefs-entity-entities-notation: For compatibility, type 'IDREFS' should only be used for attributes (used for element 'IDREFS@http://schemas.xmlsoap.org/soap/encoding/').
2017-08-28 10:21:13,092 WARN  [SchemaUtils] Error: jar:file:/C:/Users/AB52523/Desktop/Automation/TestAuthon/UpdatedScripts_28_1/HAMPS/Resources/JarFiles/soapui-5.3.0.jar!/com/eviware/soapui/resources/xsds/soapEncoding.xsd:0: warning: id-idref-idrefs-entity-entities-notation: For compatibility, type 'ENTITIES' should only be used for attributes (used for element 'ENTITIES@http://schemas.xmlsoap.org/soap/encoding/').
2017-08-28 10:21:13,156 INFO  [WsdlImporter] Finding importer for {http://webservices.daehosting.com/temperature}TemperatureConversionsSoapBinding12
2017-08-28 10:21:13,161 INFO  [WsdlImporter] Importing binding {http://webservices.daehosting.com/temperature}TemperatureConversionsSoapBinding12
2017-08-28 10:21:13,223 INFO  [Soap12HttpBindingImporter] importing endpoint http://webservices.daehosting.com/services/TemperatureConversions.wso
2017-08-28 10:21:13,321 INFO  [Soap12HttpBindingImporter] importing operation CelsiusToFahrenheit
2017-08-28 10:21:13,356 INFO  [Soap12HttpBindingImporter] importing operation FahrenheitToCelsius
2017-08-28 10:21:13,357 INFO  [Soap12HttpBindingImporter] importing operation WindChillInCelsius
2017-08-28 10:21:13,358 INFO  [Soap12HttpBindingImporter] importing operation WindChillInFahrenheit
2017-08-28 10:21:13,508 INFO  [WsdlImporter] Finding importer for {http://webservices.daehosting.com/temperature}TemperatureConversionsSoapBinding
2017-08-28 10:21:13,508 INFO  [WsdlImporter] Importing binding {http://webservices.daehosting.com/temperature}TemperatureConversionsSoapBinding
2017-08-28 10:21:13,509 INFO  [Soap11HttpBindingImporter] importing endpoint http://webservices.daehosting.com/services/TemperatureConversions.wso
2017-08-28 10:21:13,510 INFO  [Soap11HttpBindingImporter] importing operation CelsiusToFahrenheit
2017-08-28 10:21:13,510 INFO  [Soap11HttpBindingImporter] importing operation FahrenheitToCelsius
2017-08-28 10:21:13,511 INFO  [Soap11HttpBindingImporter] importing operation WindChillInCelsius
2017-08-28 10:21:13,512 INFO  [Soap11HttpBindingImporter] importing operation WindChillInFahrenheit
2017-08-28 10:21:15,535 WARN  [Tools] Could not delete temporary directory C:\Windows\Temp\e1ae8c20-76aa-446e-bef6-f9a067df7db2
2017-08-28 10:21:15,582 WARN  [Tools] Could not delete temporary directory C:\Windows\Temp\d75cbabc-6ef9-4428-b3ec-db73783471e8
